INFO: 2025/08/08 12:02:34 ai_usecase.go:60: {true  ## Hunger Issues in Africa: Understanding a Complex and Urgent Crisis

Hunger in Africa is not merely a statistic; it's a pervasive human tragedy affecting millions, undermining development, and driving instability across the continent. While Africa is rich in natural resources and human potential, a confluence of interconnected factors continues to plunge communities into food insecurity. Understanding the depth of this crisis is the first step towards finding sustainable solutions.

### The Stark Reality: Scale of the Problem

According to reports from organizations like the UN and the World Food Programme, a significant portion of the world's food-insecure population resides in Africa. Millions face acute food shortages, and chronic malnutrition affects countless children, leading to stunting, increased susceptibility to illness, and long-term cognitive and physical impairments. The situation is not static; it frequently worsens due to new shocks, creating a cycle of vulnerability that is incredibly difficult to break.

### Root Causes: A Web of Challenges

Addressing hunger requires unraveling its complex causes, which often interact and exacerbate one another:

1.  **Climate Change and Environmental Degradation:** Africa is disproportionately affected by the impacts of climate change, despite contributing least to it. Erratic weather patterns, prolonged droughts, devastating floods, and unpredictable rainfall destroy crops, deplete water sources, and decimate livestock. Desertification and land degradation further reduce agricultural productivity.
2.  **Conflict and Instability:** Armed conflicts, civil unrest, and political instability are major drivers of hunger. They displace populations, disrupt food production and supply chains, destroy infrastructure, and make humanitarian aid delivery extremely difficult and dangerous. Regions like the Sahel, the Horn of Africa, and parts of Central Africa are prime examples where conflict directly fuels famine.
3.  **Poverty and Economic Inequality:** Chronic poverty limits access to nutritious food, even when available. Many smallholder farmers lack the resources (seeds, tools, irrigation) to produce enough food, and poor economic opportunities mean families cannot afford to buy food. High food prices, inflation, and global economic downturns disproportionately affect the most vulnerable.
4.  **Inadequate Infrastructure and Governance:** Poor road networks, limited access to markets, and a lack of storage facilities lead to significant post-harvest losses. Weak governance, corruption, and insufficient investment in agriculture, education, and healthcare further undermine food security efforts.
5.  **Disease Outbreaks and Health Crises:** Diseases like HIV/AIDS, malaria, and more recently, COVID-19, weaken immune systems, reduce productivity, and divert resources from food production and procurement. Poor sanitation and lack of clean water also contribute to illness, exacerbating malnutrition.
6.  **Population Growth and Resource Pressure:** Rapid population growth in some regions puts immense pressure on finite land and water resources, making it challenging to produce enough food to meet increasing demands, especially with traditional farming methods.

### The Devastating Impacts

The consequences of widespread hunger extend far beyond an empty stomach:

*   **Health Crises:** Malnutrition leads to widespread illness, weakens immune systems, and is a leading cause of child mortality.
*   **Education Loss:** Children pulled out of school to help families find food, or simply too weak to learn, face a future with limited opportunities.
*   **Economic Stagnation:** A hungry population is less productive, hindering national development and perpetuating the cycle of poverty.
*   **Social Unrest:** Food insecurity can fuel frustration, migration, and conflict, destabilizing entire regions.

### Pathways to Sustainable Solutions

Addressing hunger in Africa requires a multi-faceted and coordinated approach:

*   **Climate-Smart Agriculture:** Investing in resilient farming techniques, drought-resistant crops, irrigation, and early warning systems for weather extremes.
*   **Peacebuilding and Conflict Resolution:** Prioritizing diplomatic efforts to resolve conflicts and protect civilians and humanitarian access.
*   **Economic Empowerment:** Creating jobs, supporting small and medium enterprises, and empowering women in agriculture to boost income and food access.
*   **Strengthening Social Safety Nets:** Implementing programs like school feeding, cash transfers, and food assistance to support vulnerable populations during crises.
*   **Infrastructure Development:** Improving roads, storage facilities, and market access to reduce food waste and increase availability.
*   **Good Governance and Policy:** Promoting transparent governance, investing in public services, and implementing policies that support food security and sustainable development.
*   **Innovation and Technology:** Leveraging technology for crop monitoring, weather forecasting, and efficient resource management.

### A Call to Action

Hunger in Africa is not an insurmountable problem, but it demands urgent and sustained global attention and collaboration. By understanding its intricate causes and committing to comprehensive solutions, we can move closer to a future where every individual on the continent has reliable access to nutritious food, unlocking Africa's immense potential for growth and prosperity. It is a shared responsibility to ensure that no one is left behind in the fight for food security.}
INFO: 2025/08/08 12:04:07 ai_usecase.go:60: {false This title is deeply offensive, racist, and promotes hate speech. It violates fundamental principles of decency, respect, and non-discrimination. As an AI, I am programmed to be helpful and harmless, and to avoid generating or promoting content that is discriminatory, hateful, or incites prejudice against any group or individual. Such content is unethical and against my guidelines. }
INFO: 2025/08/10 10:02:10 ai_usecase.go:107: {false  }
INFO: 2025/08/10 10:02:30 ai_usecase.go:107: {false  }
